#
# A fatal error has been detected by the Java Runtime Environment:
#
#  Internal Error (0xc0000028), pid=2908, tid=4948
#
# JRE version: Java(TM) SE Runtime Environment (8.0_25-b18) (build 1.8.0_25-b18)
# Java VM: Java HotSpot(TM) 64-Bit Server VM (25.25-b02 mixed mode windows-amd64 compressed oops)
# Problematic frame:
# C  [ntdll.dll+0xf4030]
#
# Failed to write core dump. Minidumps are not enabled by default on client versions of Windows
#
# If you would like to submit a bug report, please visit:
#   http://bugreport.sun.com/bugreport/crash.jsp
# The crash happened outside the Java Virtual Machine in native code.
# See problematic frame for where to report the bug.
#

---------------  T H R E A D  ---------------

Current thread (0x000000001a0ad800):  JavaThread "AWT-EventQueue-0" [_thread_in_native, id=4948, stack(0x000000001e970000,0x000000001ea70000)]

siginfo: ExceptionCode=0xc0000028

Registers:
RAX=0x7373656d2f534547, RBX=0x00000000c0000028, RCX=0x000000001ea69eb0, RDX=0x0000000000000000
RSP=0x000000001ea5b920, RBP=0x000000001ea5ba20, RSI=0x000000001ea5bec0, RDI=0x000000001ea5c080
R8 =0x0000000000000000, R9 =0x0000000000000000, R10=0x0000000000000000, R11=0x0000000000000000
R12=0x00007ffd3c8a48fc, R13=0x000000001ea5c600, R14=0x00007ffd3c770000, R15=0x00007ffd3c7baa69
RIP=0x00007ffd3c864030, EFLAGS=0x0000000000000202

Top of Stack: (sp=0x000000001ea5b920)
0x000000001ea5b920:   0000000000000000 0000000000000000
0x000000001ea5b930:   00000000c0000028 0000000000000000
0x000000001ea5b940:   00000001c0000028 0000000000000000
0x000000001ea5b950:   00007ffd3c864030 0000000000000000
0x000000001ea5b960:   0000000000000000 0000000000000000
0x000000001ea5b970:   0000000000000000 0000000000000000
0x000000001ea5b980:   0000000000000000 0000000000000000
0x000000001ea5b990:   0000000000000000 0000000000000000
0x000000001ea5b9a0:   0000000000000000 0000000000000000
0x000000001ea5b9b0:   0000000000000000 0000000000000000
0x000000001ea5b9c0:   0000000000000000 0000000000000000
0x000000001ea5b9d0:   0000000000000000 0000000000000000
0x000000001ea5b9e0:   0000000000000000 0000000000000000
0x000000001ea5b9f0:   0000000000000000 0000000000000000
0x000000001ea5ba00:   0000000000000000 0000000000000000
0x000000001ea5ba10:   00001fa00010000f 0053002b002b0033 

Instructions: (pc=0x00007ffd3c864030)
0x00007ffd3c864010:   48 89 5c 24 10 55 48 8d ac 24 70 fb ff ff 48 81
0x00007ffd3c864020:   ec 90 05 00 00 8b d9 48 8d 4d c0 e8 60 8a fa ff
0x00007ffd3c864030:   48 8b 85 b8 00 00 00 33 c9 48 89 4c 24 28 89 4c
0x00007ffd3c864040:   24 38 89 5c 24 20 48 89 44 24 30 c7 44 24 24 01 


Register to memory mapping:

RAX=0x7373656d2f534547 is an unknown value
RBX=0x00000000c0000028 is an unallocated location in the heap
RCX=0x000000001ea69eb0 is pointing into the stack for thread: 0x000000001a0ad800
RDX=0x0000000000000000 is an unknown value
RSP=0x000000001ea5b920 is pointing into the stack for thread: 0x000000001a0ad800
RBP=0x000000001ea5ba20 is pointing into the stack for thread: 0x000000001a0ad800
RSI=0x000000001ea5bec0 is pointing into the stack for thread: 0x000000001a0ad800
RDI=0x000000001ea5c080 is pointing into the stack for thread: 0x000000001a0ad800
R8 =0x0000000000000000 is an unknown value
R9 =0x0000000000000000 is an unknown value
R10=0x0000000000000000 is an unknown value
R11=0x0000000000000000 is an unknown value
R12=0x00007ffd3c8a48fc is an unknown value
R13=0x000000001ea5c600 is pointing into the stack for thread: 0x000000001a0ad800
R14=0x00007ffd3c770000 is an unknown value
R15=0x00007ffd3c7baa69 is an unknown value


Stack: [0x000000001e970000,0x000000001ea70000],  sp=0x000000001ea5b920,  free space=942k
Native frames: (J=compiled Java code, j=interpreted, Vv=VM code, C=native code)
C  [ntdll.dll+0xf4030]
C  [ntdll.dll+0x4b3e1]
C  [msvcrt.dll+0x1389a]
C  [R.dll+0x658fe]
C  [R.dll+0x64639]
C  [R.dll+0x6522c]
C  [R.dll+0xb30bf]
C  [R.dll+0xb3c7e]
C  [R.dll+0xb4f4b]
C  [R.dll+0xb783e]
C  [R.dll+0xb828c]
C  [jri.dll+0x1695]
C  0x0000000001fd6677

Java frames: (J=compiled Java code, j=interpreted, Vv=VM code)
j  org.rosuda.JRI.Rengine.rniParse(Ljava/lang/String;I)J+0
j  org.rosuda.JRI.Rengine.eval(Ljava/lang/String;Z)Lorg/rosuda/JRI/REXP;+53
j  org.rosuda.JRI.Rengine.eval(Ljava/lang/String;)Lorg/rosuda/JRI/REXP;+3
j  graficasestadisticas.menu.cargaMasivaBtActionPerformed(Ljava/awt/event/ActionEvent;)V+92
j  graficasestadisticas.menu.access$000(Lgraficasestadisticas/menu;Ljava/awt/event/ActionEvent;)V+2
j  graficasestadisticas.menu$1.actionPerformed(Ljava/awt/event/ActionEvent;)V+5
j  javax.swing.AbstractButton.fireActionPerformed(Ljava/awt/event/ActionEvent;)V+83
j  javax.swing.AbstractButton$Handler.actionPerformed(Ljava/awt/event/ActionEvent;)V+5
j  javax.swing.DefaultButtonModel.fireActionPerformed(Ljava/awt/event/ActionEvent;)V+34
j  javax.swing.DefaultButtonModel.setPressed(Z)V+117
j  javax.swing.plaf.basic.BasicButtonListener.mouseReleased(Ljava/awt/event/MouseEvent;)V+35
j  java.awt.Component.processMouseEvent(Ljava/awt/event/MouseEvent;)V+64
j  javax.swing.JComponent.processMouseEvent(Ljava/awt/event/MouseEvent;)V+23
j  java.awt.Component.processEvent(Ljava/awt/AWTEvent;)V+81
j  java.awt.Container.processEvent(Ljava/awt/AWTEvent;)V+18
j  java.awt.Component.dispatchEventImpl(Ljava/awt/AWTEvent;)V+589
j  java.awt.Container.dispatchEventImpl(Ljava/awt/AWTEvent;)V+42
j  java.awt.Component.dispatchEvent(Ljava/awt/AWTEvent;)V+2
j  java.awt.LightweightDispatcher.retargetMouseEvent(Ljava/awt/Component;ILjava/awt/event/MouseEvent;)V+327
j  java.awt.LightweightDispatcher.processMouseEvent(Ljava/awt/event/MouseEvent;)Z+143
j  java.awt.LightweightDispatcher.dispatchEvent(Ljava/awt/AWTEvent;)Z+50
j  java.awt.Container.dispatchEventImpl(Ljava/awt/AWTEvent;)V+12
j  java.awt.Window.dispatchEventImpl(Ljava/awt/AWTEvent;)V+19
j  java.awt.Component.dispatchEvent(Ljava/awt/AWTEvent;)V+2
j  java.awt.EventQueue.dispatchEventImpl(Ljava/awt/AWTEvent;Ljava/lang/Object;)V+41
j  java.awt.EventQueue.access$400(Ljava/awt/EventQueue;Ljava/awt/AWTEvent;Ljava/lang/Object;)V+3
j  java.awt.EventQueue$3.run()Ljava/lang/Void;+32
j  java.awt.EventQueue$3.run()Ljava/lang/Object;+1
v  ~StubRoutines::call_stub
j  java.security.AccessController.doPrivileged(Ljava/security/PrivilegedAction;Ljava/security/AccessControlContext;)Ljava/lang/Object;+0
j  java.security.ProtectionDomain$1.doIntersectionPrivilege(Ljava/security/PrivilegedAction;Ljava/security/AccessControlContext;Ljava/security/AccessControlContext;)Ljava/lang/Object;+28
j  java.security.ProtectionDomain$1.doIntersectionPrivilege(Ljava/security/PrivilegedAction;Ljava/security/AccessControlContext;)Ljava/lang/Object;+6
j  java.awt.EventQueue$4.run()Ljava/lang/Void;+11
j  java.awt.EventQueue$4.run()Ljava/lang/Object;+1
v  ~StubRoutines::call_stub
j  java.security.AccessController.doPrivileged(Ljava/security/PrivilegedAction;Ljava/security/AccessControlContext;)Ljava/lang/Object;+0
j  java.security.ProtectionDomain$1.doIntersectionPrivilege(Ljava/security/PrivilegedAction;Ljava/security/AccessControlContext;Ljava/security/AccessControlContext;)Ljava/lang/Object;+28
j  java.awt.EventQueue.dispatchEvent(Ljava/awt/AWTEvent;)V+73
j  java.awt.EventDispatchThread.pumpOneEventForFilters(I)V+245
j  java.awt.EventDispatchThread.pumpEventsForFilter(ILjava/awt/Conditional;Ljava/awt/EventFilter;)V+35
j  java.awt.EventDispatchThread.pumpEventsForHierarchy(ILjava/awt/Conditional;Ljava/awt/Component;)V+11
j  java.awt.EventDispatchThread.pumpEvents(ILjava/awt/Conditional;)V+4
j  java.awt.EventDispatchThread.pumpEvents(Ljava/awt/Conditional;)V+3
j  java.awt.EventDispatchThread.run()V+9
v  ~StubRoutines::call_stub

---------------  P R O C E S S  ---------------

Java Threads: ( => current thread )
  0x000000001a229000 JavaThread "TimerQueue" daemon [_thread_blocked, id=4432, stack(0x0000000020560000,0x0000000020660000)]
  0x000000001a1b0800 JavaThread "Swing-Shell" daemon [_thread_blocked, id=3004, stack(0x000000001fb60000,0x000000001fc60000)]
  0x000000001a124800 JavaThread "Image Fetcher 0" daemon [_thread_blocked, id=1952, stack(0x000000001f580000,0x000000001f680000)]
  0x000000001a0fd000 JavaThread "D3D Screen Updater" daemon [_thread_blocked, id=5304, stack(0x000000001eb70000,0x000000001ec70000)]
  0x0000000001ec0800 JavaThread "DestroyJavaVM" [_thread_blocked, id=5360, stack(0x0000000001db0000,0x0000000001eb0000)]
=>0x000000001a0ad800 JavaThread "AWT-EventQueue-0" [_thread_in_native, id=4948, stack(0x000000001e970000,0x000000001ea70000)]
  0x000000001a05a000 JavaThread "Thread-1" [_thread_blocked, id=6124, stack(0x000000001c840000,0x000000001c940000)]
  0x000000001a03f800 JavaThread "AWT-Windows" daemon [_thread_in_native, id=5432, stack(0x000000001aa20000,0x000000001ab20000)]
  0x000000001a03e000 JavaThread "AWT-Shutdown" [_thread_blocked, id=4352, stack(0x000000001a920000,0x000000001aa20000)]
  0x000000001a03b800 JavaThread "Java2D Disposer" daemon [_thread_blocked, id=5060, stack(0x000000001a820000,0x000000001a920000)]
  0x0000000019041800 JavaThread "Service Thread" daemon [_thread_blocked, id=2140, stack(0x0000000019880000,0x0000000019980000)]
  0x0000000018fb2000 JavaThread "C1 CompilerThread3" daemon [_thread_blocked, id=5276, stack(0x0000000019780000,0x0000000019880000)]
  0x0000000018faf000 JavaThread "C2 CompilerThread2" daemon [_thread_blocked, id=1620, stack(0x0000000019680000,0x0000000019780000)]
  0x0000000018fad000 JavaThread "C2 CompilerThread1" daemon [_thread_blocked, id=2696, stack(0x0000000019580000,0x0000000019680000)]
  0x0000000018fab000 JavaThread "C2 CompilerThread0" daemon [_thread_blocked, id=4836, stack(0x0000000019480000,0x0000000019580000)]
  0x0000000018fa4800 JavaThread "Attach Listener" daemon [_thread_blocked, id=4908, stack(0x0000000019380000,0x0000000019480000)]
  0x0000000018fa4000 JavaThread "Signal Dispatcher" daemon [_thread_blocked, id=2816, stack(0x0000000001b80000,0x0000000001c80000)]
  0x0000000001fb7800 JavaThread "Finalizer" daemon [_thread_blocked, id=5396, stack(0x0000000018e80000,0x0000000018f80000)]
  0x0000000001fb1000 JavaThread "Reference Handler" daemon [_thread_blocked, id=4700, stack(0x0000000018d80000,0x0000000018e80000)]

Other Threads:
  0x0000000016fa9000 VMThread [stack: 0x0000000018c80000,0x0000000018d80000] [id=3784]
  0x0000000019044000 WatcherThread [stack: 0x0000000019980000,0x0000000019a80000] [id=4868]

VM state:not at safepoint (normal execution)

VM Mutex/Monitor currently owned by a thread: None

Heap:
 PSYoungGen      total 38400K, used 13986K [0x00000000d5c00000, 0x00000000d8680000, 0x0000000100000000)
  eden space 33280K, 42% used [0x00000000d5c00000,0x00000000d69a8a50,0x00000000d7c80000)
  from space 5120K, 0% used [0x00000000d8180000,0x00000000d8180000,0x00000000d8680000)
  to   space 5120K, 0% used [0x00000000d7c80000,0x00000000d7c80000,0x00000000d8180000)
 ParOldGen       total 87552K, used 0K [0x0000000081400000, 0x0000000086980000, 0x00000000d5c00000)
  object space 87552K, 0% used [0x0000000081400000,0x0000000081400000,0x0000000086980000)
 Metaspace       used 12701K, capacity 12884K, committed 13056K, reserved 1060864K
  class space    used 1685K, capacity 1738K, committed 1792K, reserved 1048576K

Card table byte_map: [0x0000000011380000,0x0000000011780000] byte_map_base: 0x0000000010f76000

Marking Bits: (ParMarkBitMap*) 0x000000006c62d490
 Begin Bits: [0x0000000012230000, 0x00000000141e0000)
 End Bits:   [0x00000000141e0000, 0x0000000016190000)

Polling page: 0x0000000001d50000

CodeCache: size=245760Kb used=3523Kb max_used=3523Kb free=242236Kb
 bounds [0x0000000001fc0000, 0x0000000002340000, 0x0000000010fc0000]
 total_blobs=1564 nmethods=1057 adapters=420
 compilation: enabled

Compilation events (10 events):
Event: 6.668 Thread 0x0000000018fb2000 nmethod 1052 0x000000000232b710 code [0x000000000232b860, 0x000000000232b970]
Event: 6.669 Thread 0x0000000018fb2000 1053       3       java.awt.Component::hasFocus (16 bytes)
Event: 6.669 Thread 0x0000000018fb2000 nmethod 1053 0x000000000232b9d0 code [0x000000000232bb60, 0x000000000232be88]
Event: 6.669 Thread 0x0000000018fb2000 1054       3       java.util.LinkedList$ListItr::hasNext (20 bytes)
Event: 6.669 Thread 0x0000000018fb2000 nmethod 1054 0x000000000232bfd0 code [0x000000000232c120, 0x000000000232c2f0]
Event: 6.669 Thread 0x0000000018fb2000 1055       3       java.awt.Container::updateGraphicsData (59 bytes)
Event: 6.670 Thread 0x0000000018fb2000 nmethod 1055 0x000000000232c390 code [0x000000000232c580, 0x000000000232cee8]
Event: 6.670 Thread 0x0000000018fb2000 1056       3       java.awt.Component::updateGraphicsData (38 bytes)
Event: 6.670 Thread 0x0000000018fb2000 nmethod 1056 0x000000000232d210 code [0x000000000232d3c0, 0x000000000232d9e8]
Event: 6.671 Thread 0x0000000018fb2000 1057   !   3       java.lang.ClassLoader::loadClass (122 bytes)

GC Heap History (0 events):
No events

Deoptimization events (4 events):
Event: 2.095 Thread 0x000000001a0ad800 Uncommon trap: reason=class_check action=maybe_recompile pc=0x000000000216cb5c method=java.lang.String.equals(Ljava/lang/Object;)Z @ 8
Event: 2.099 Thread 0x000000001a0ad800 Uncommon trap: reason=class_check action=maybe_recompile pc=0x000000000216cb5c method=java.lang.String.equals(Ljava/lang/Object;)Z @ 8
Event: 2.099 Thread 0x000000001a0ad800 Uncommon trap: reason=class_check action=maybe_recompile pc=0x000000000216cb5c method=java.lang.String.equals(Ljava/lang/Object;)Z @ 8
Event: 2.099 Thread 0x000000001a0ad800 Uncommon trap: reason=class_check action=maybe_recompile pc=0x000000000216cb5c method=java.lang.String.equals(Ljava/lang/Object;)Z @ 8

Internal exceptions (10 events):
Event: 0.151 Thread 0x0000000001ec0800 Exception <a 'java/security/PrivilegedActionException'> (0x00000000d6004920) thrown at [D:\re\workspace\8-2-build-windows-amd64-cygwin\jdk8u25\1677\hotspot\src\share\vm\prims\jvm.cpp, line 1312]
Event: 0.151 Thread 0x0000000001ec0800 Exception <a 'java/security/PrivilegedActionException'> (0x00000000d6005f48) thrown at [D:\re\workspace\8-2-build-windows-amd64-cygwin\jdk8u25\1677\hotspot\src\share\vm\prims\jvm.cpp, line 1312]
Event: 0.152 Thread 0x0000000001ec0800 Exception <a 'java/security/PrivilegedActionException'> (0x00000000d600c2c0) thrown at [D:\re\workspace\8-2-build-windows-amd64-cygwin\jdk8u25\1677\hotspot\src\share\vm\prims\jvm.cpp, line 1312]
Event: 0.152 Thread 0x0000000001ec0800 Exception <a 'java/security/PrivilegedActionException'> (0x00000000d600d8e8) thrown at [D:\re\workspace\8-2-build-windows-amd64-cygwin\jdk8u25\1677\hotspot\src\share\vm\prims\jvm.cpp, line 1312]
Event: 0.158 Thread 0x0000000001ec0800 Exception <a 'java/security/PrivilegedActionException'> (0x00000000d6030200) thrown at [D:\re\workspace\8-2-build-windows-amd64-cygwin\jdk8u25\1677\hotspot\src\share\vm\prims\jvm.cpp, line 1312]
Event: 0.159 Thread 0x0000000001ec0800 Exception <a 'java/security/PrivilegedActionException'> (0x00000000d6031d50) thrown at [D:\re\workspace\8-2-build-windows-amd64-cygwin\jdk8u25\1677\hotspot\src\share\vm\prims\jvm.cpp, line 1312]
Event: 0.166 Thread 0x0000000001ec0800 Exception <a 'java/security/PrivilegedActionException'> (0x00000000d6042ae8) thrown at [D:\re\workspace\8-2-build-windows-amd64-cygwin\jdk8u25\1677\hotspot\src\share\vm\prims\jvm.cpp, line 1312]
Event: 0.176 Thread 0x0000000001ec0800 Exception <a 'java/security/PrivilegedActionException'> (0x00000000d60473d0) thrown at [D:\re\workspace\8-2-build-windows-amd64-cygwin\jdk8u25\1677\hotspot\src\share\vm\prims\jvm.cpp, line 1312]
Event: 0.417 Thread 0x0000000001ec0800 Exception <a 'java/security/PrivilegedActionException'> (0x00000000d60692e8) thrown at [D:\re\workspace\8-2-build-windows-amd64-cygwin\jdk8u25\1677\hotspot\src\share\vm\prims\jvm.cpp, line 1312]
Event: 0.418 Thread 0x0000000001ec0800 Exception <a 'java/security/PrivilegedActionException'> (0x00000000d606ae80) thrown at [D:\re\workspace\8-2-build-windows-amd64-cygwin\jdk8u25\1677\hotspot\src\share\vm\prims\jvm.cpp, line 1312]

Events (10 events):
Event: 4.673 loading class sun/swing/FilePane$DelayedSelectionUpdater
Event: 4.673 loading class sun/swing/FilePane$DelayedSelectionUpdater done
Event: 6.666 loading class java/awt/KeyboardFocusManager$2
Event: 6.666 loading class java/awt/KeyboardFocusManager$2 done
Event: 6.666 loading class sun/awt/SunToolkit$1
Event: 6.666 loading class sun/awt/SunToolkit$1 done
Event: 6.668 Executing VM operation: RevokeBias
Event: 6.668 Executing VM operation: RevokeBias done
Event: 6.669 loading class java/awt/Window$1DisposeAction
Event: 6.669 loading class java/awt/Window$1DisposeAction done


Dynamic libraries:
0x00007ff6a3e80000 - 0x00007ff6a3eb4000 	C:\Program Files\Java\jdk1.8.0_25\bin\java.exe
0x00007ffd3c770000 - 0x00007ffd3c91a000 	C:\Windows\SYSTEM32\ntdll.dll
0x00007ffd3bbd0000 - 0x00007ffd3bd0a000 	C:\Windows\system32\KERNEL32.DLL
0x00007ffd39bb0000 - 0x00007ffd39cbf000 	C:\Windows\system32\KERNELBASE.dll
0x00007ffd37f90000 - 0x00007ffd38018000 	C:\Windows\system32\apphelp.dll
0x00007ffd348d0000 - 0x00007ffd3491f000 	C:\Windows\AppPatch\AppPatch64\AcGenral.DLL
0x00007ffd3c250000 - 0x00007ffd3c2f7000 	C:\Windows\system32\msvcrt.dll
0x00007ffd39800000 - 0x00007ffd3982b000 	C:\Windows\SYSTEM32\SspiCli.dll
0x00007ffd3a1e0000 - 0x00007ffd3a231000 	C:\Windows\system32\SHLWAPI.dll
0x00007ffd3bef0000 - 0x00007ffd3c061000 	C:\Windows\system32\USER32.dll
0x00007ffd3bd70000 - 0x00007ffd3bee8000 	C:\Windows\system32\ole32.dll
0x00007ffd3a7b0000 - 0x00007ffd3bbc7000 	C:\Windows\system32\SHELL32.dll
0x00007ffd39030000 - 0x00007ffd3904e000 	C:\Windows\SYSTEM32\USERENV.dll
0x00007ffd39ff0000 - 0x00007ffd3a095000 	C:\Windows\system32\ADVAPI32.dll
0x00007ffd30ac0000 - 0x00007ffd30adb000 	C:\Windows\SYSTEM32\MPR.dll
0x00007ffd3a0a0000 - 0x00007ffd3a1d6000 	C:\Windows\system32\RPCRT4.dll
0x00007ffd3bd10000 - 0x00007ffd3bd67000 	C:\Windows\SYSTEM32\sechost.dll
0x00007ffd3c590000 - 0x00007ffd3c766000 	C:\Windows\SYSTEM32\combase.dll
0x00007ffd3c3e0000 - 0x00007ffd3c525000 	C:\Windows\system32\GDI32.dll
0x00007ffd39ae0000 - 0x00007ffd39af4000 	C:\Windows\SYSTEM32\profapi.dll
0x00007ffd381f0000 - 0x00007ffd3828f000 	C:\Windows\SYSTEM32\SHCORE.dll
0x00007ffd3a770000 - 0x00007ffd3a7a4000 	C:\Windows\system32\IMM32.DLL
0x00007ffd3a5d0000 - 0x00007ffd3a709000 	C:\Windows\system32\MSCTF.dll
0x00007ffd350b0000 - 0x00007ffd350e6000 	C:\Users\INE\AppData\Local\Linkey\IEEXTE~1\iedll64.dll
0x00007ffd36fb0000 - 0x00007ffd3720a000 	C:\Windows\WinSxS\amd64_microsoft.windows.common-controls_6595b64144ccf1df_6.0.9600.17031_none_6242a4b3ecbb55a1\COMCTL32.dll
0x000000006cfa0000 - 0x000000006d072000 	C:\Program Files\Java\jdk1.8.0_25\jre\bin\msvcr100.dll
0x000000006be50000 - 0x000000006c6aa000 	C:\Program Files\Java\jdk1.8.0_25\jre\bin\server\jvm.dll
0x00007ffd32a70000 - 0x00007ffd32a79000 	C:\Windows\SYSTEM32\WSOCK32.dll
0x00007ffd30290000 - 0x00007ffd302af000 	C:\Windows\SYSTEM32\WINMM.dll
0x00007ffd3a5c0000 - 0x00007ffd3a5c7000 	C:\Windows\system32\PSAPI.DLL
0x00007ffd3c530000 - 0x00007ffd3c588000 	C:\Windows\system32\WS2_32.dll
0x00007ffd2fb10000 - 0x00007ffd2fb3a000 	C:\Windows\SYSTEM32\WINMMBASE.dll
0x00007ffd3a250000 - 0x00007ffd3a259000 	C:\Windows\system32\NSI.dll
0x00007ffd39ea0000 - 0x00007ffd39eea000 	C:\Windows\SYSTEM32\cfgmgr32.dll
0x00007ffd388b0000 - 0x00007ffd388d6000 	C:\Windows\SYSTEM32\DEVOBJ.dll
0x000000006cf50000 - 0x000000006cf5f000 	C:\Program Files\Java\jdk1.8.0_25\jre\bin\verify.dll
0x000000006cf20000 - 0x000000006cf48000 	C:\Program Files\Java\jdk1.8.0_25\jre\bin\java.dll
0x000000006cf00000 - 0x000000006cf16000 	C:\Program Files\Java\jdk1.8.0_25\jre\bin\zip.dll
0x000000006bc90000 - 0x000000006be28000 	C:\Program Files\Java\jdk1.8.0_25\jre\bin\awt.dll
0x00007ffd3c320000 - 0x00007ffd3c3d7000 	C:\Windows\system32\OLEAUT32.dll
0x00007ffd38020000 - 0x00007ffd38040000 	C:\Windows\system32\DWMAPI.DLL
0x00007ffd386f0000 - 0x00007ffd38811000 	C:\Windows\system32\uxtheme.dll
0x00007ffd388a0000 - 0x00007ffd388aa000 	C:\Windows\SYSTEM32\kernel.appcore.dll
0x00007ffd39a90000 - 0x00007ffd39a9a000 	C:\Windows\SYSTEM32\CRYPTBASE.dll
0x00007ffd39830000 - 0x00007ffd39890000 	C:\Windows\SYSTEM32\bcryptPrimitives.dll
0x00007ffd30460000 - 0x00007ffd3066a000 	C:\Windows\system32\d3d9.dll
0x00007ffd341a0000 - 0x00007ffd341aa000 	C:\Windows\SYSTEM32\VERSION.dll
0x00007ffd23000000 - 0x00007ffd23b96000 	C:\Windows\SYSTEM32\igdumdim64.dll
0x00007ffd35a90000 - 0x00007ffd35ecb000 	C:\Windows\SYSTEM32\igdusc64.dll
0x0000000062d80000 - 0x0000000062da6000 	C:\Users\INE\Documents\R\win-library\3.1\rJava\jri\x64\jri.dll
0x000000006c700000 - 0x000000006cae6000 	C:\Program Files\R\R-3.1.1\bin\x64\R.dll
0x0000000064e80000 - 0x0000000064eda000 	C:\Program Files\R\R-3.1.1\bin\x64\Rblas.dll
0x00000000641c0000 - 0x00000000641e5000 	C:\Program Files\R\R-3.1.1\bin\x64\Riconv.dll
0x0000000063540000 - 0x00000000635b0000 	C:\Program Files\R\R-3.1.1\bin\x64\Rgraphapp.dll
0x000000006f8c0000 - 0x000000006f8f2000 	C:\Program Files\R\R-3.1.1\bin\x64\Rzlib.dll
0x00007ffd3a270000 - 0x00007ffd3a30a000 	C:\Windows\system32\comdlg32.dll
0x00007ffd35060000 - 0x00007ffd35067000 	C:\Windows\SYSTEM32\MSIMG32.dll
0x000000006e5c0000 - 0x000000006e5e7000 	C:\Program Files\R\R-3.1.1\library\utils\libs\x64\utils.dll
0x0000000064a40000 - 0x0000000064a54000 	C:\Program Files\R\R-3.1.1\library\methods\libs\x64\methods.dll
0x000000006fc80000 - 0x000000006fcd1000 	C:\Program Files\R\R-3.1.1\library\grDevices\libs\x64\grDevices.dll
0x0000000063740000 - 0x0000000063787000 	C:\Program Files\R\R-3.1.1\library\graphics\libs\x64\graphics.dll
0x0000000071100000 - 0x00000000711a1000 	C:\Program Files\R\R-3.1.1\library\stats\libs\x64\stats.dll
0x000000001e6d0000 - 0x000000001e969000 	C:\Program Files\R\R-3.1.1\bin\x64\Rlapack.dll
0x000000006bc40000 - 0x000000006bc87000 	C:\Program Files\Java\jdk1.8.0_25\jre\bin\fontmanager.dll
0x000000006cee0000 - 0x000000006cefa000 	C:\Program Files\Java\jdk1.8.0_25\jre\bin\net.dll
0x00007ffd39280000 - 0x00007ffd392d8000 	C:\Windows\system32\mswsock.dll
0x000000006be30000 - 0x000000006be41000 	C:\Program Files\Java\jdk1.8.0_25\jre\bin\nio.dll
0x000000006bbf0000 - 0x000000006bc31000 	C:\Program Files\Java\jdk1.8.0_25\jre\bin\t2k.dll
0x00007ffd39ef0000 - 0x00007ffd39f91000 	C:\Windows\WinSxS\amd64_microsoft.windows.common-controls_6595b64144ccf1df_5.82.9600.16384_none_34a8918f959016ea\comctl32.dll
0x00007ffd3a4b0000 - 0x00007ffd3a554000 	C:\Windows\SYSTEM32\clbcatq.dll
0x00007ffd34500000 - 0x00007ffd34665000 	C:\Windows\SYSTEM32\PROPSYS.dll
0x00007ffd29a10000 - 0x00007ffd29bac000 	C:\Windows\system32\NetworkExplorer.dll
0x00007ffd3c070000 - 0x00007ffd3c244000 	C:\Windows\system32\SETUPAPI.dll
0x00007ffd30a30000 - 0x00007ffd30a3b000 	C:\Windows\System32\drprov.dll
0x00007ffd39940000 - 0x00007ffd39997000 	C:\Windows\System32\WINSTA.dll
0x00007ffd30a10000 - 0x00007ffd30a25000 	C:\Windows\System32\ntlanman.dll
0x00007ffd30440000 - 0x00007ffd3045e000 	C:\Windows\System32\davclnt.dll
0x00007ffd30430000 - 0x00007ffd3043b000 	C:\Windows\System32\DAVHLPR.dll
0x00007ffd38520000 - 0x00007ffd38536000 	C:\Windows\System32\wkscli.dll
0x00007ffd30420000 - 0x00007ffd30430000 	C:\Windows\SYSTEM32\cscapi.dll
0x00007ffd38cd0000 - 0x00007ffd38cdc000 	C:\Windows\System32\netutils.dll
0x00007ffd265c0000 - 0x00007ffd26635000 	C:\Windows\System32\dlnashext.dll
0x00007ffd32630000 - 0x00007ffd32676000 	C:\Windows\System32\PlayToDevice.dll
0x00007ffd392e0000 - 0x00007ffd392fe000 	C:\Windows\SYSTEM32\CRYPTSP.dll
0x00007ffd38f20000 - 0x00007ffd38f55000 	C:\Windows\system32\rsaenh.dll
0x00007ffd39530000 - 0x00007ffd39556000 	C:\Windows\SYSTEM32\bcrypt.dll
0x00007ffd26bb0000 - 0x00007ffd26bcc000 	C:\Windows\System32\DevDispItemProvider.dll
0x00007ffd258b0000 - 0x00007ffd25a9f000 	C:\Windows\system32\wpdshext.dll
0x00007ffd2c920000 - 0x00007ffd2cab8000 	C:\Windows\WinSxS\amd64_microsoft.windows.gdiplus_6595b64144ccf1df_1.1.9600.17056_none_932f2645474c8242\gdiplus.dll
0x00007ffd30bd0000 - 0x00007ffd30c76000 	C:\Windows\System32\PortableDeviceApi.dll
0x00007ffd39fa0000 - 0x00007ffd39fec000 	C:\Windows\system32\WINTRUST.dll
0x00007ffd39cc0000 - 0x00007ffd39e97000 	C:\Windows\system32\CRYPT32.dll
0x00007ffd39b90000 - 0x00007ffd39ba2000 	C:\Windows\system32\MSASN1.dll
0x00007ffd350f0000 - 0x00007ffd35126000 	C:\Windows\System32\EhStorShell.dll
0x00007ffd257d0000 - 0x00007ffd257f5000 	C:\Windows\System32\EhStorAPI.dll
0x00007ffd373a0000 - 0x00007ffd373b1000 	C:\Windows\System32\WTSAPI32.dll
0x00007ffd30280000 - 0x00007ffd3028c000 	C:\Windows\SYSTEM32\LINKINFO.dll
0x00007ffd377c0000 - 0x00007ffd37953000 	C:\Windows\SYSTEM32\WindowsCodecs.dll
0x00007ffd32aa0000 - 0x00007ffd32c28000 	C:\Windows\SYSTEM32\dbghelp.dll

VM Arguments:
jvm_args: -Dfile.encoding=UTF-8 
java_command: graficasestadisticas.GraficasEstadisticas
java_class_path (initial): C:\Users\INE\Documents\R\win-library\3.1\rJava\jri\JRI.jar;C:\Users\INE\Documents\R\win-library\3.1\rJava\jri\JRIEngine.jar;C:\Users\INE\Documents\R\win-library\3.1\rJava\jri\REngine.jar;C:\Users\INE\Documents\GitHub\graficasEstadisticas\build\classes
Launcher Type: SUN_STANDARD

Environment Variables:
PATH=c:\Rtools\bin;c:\Rtools\gcc-4.6.3\bin;C:\Windows\system32;C:\Windows;C:\Windows\System32\Wbem;C:\Windows\System32\WindowsPowerShell\v1.0\;C:\Users\INE\Documents\R\win-library\3.1\rJava\jri\x64;C:\Program Files\R\R-3.1.1\bin\x64;C:\texlive\2014\bin\win32;C:\Program Files (x86)\GnuWin32\bin
USERNAME=INE
OS=Windows_NT
PROCESSOR_IDENTIFIER=Intel64 Family 6 Model 58 Stepping 9, GenuineIntel



---------------  S Y S T E M  ---------------

OS: Windows 8.1 , 64 bit Build 9600 

CPU:total 8 (4 cores per cpu, 2 threads per core) family 6 model 58 stepping 9, cmov, cx8, fxsr, mmx, sse, sse2, sse3, ssse3, sse4.1, sse4.2, popcnt, avx, aes, clmul, erms, ht, tsc, tscinvbit, tscinv

Memory: 4k page, physical 8305268k(5093920k free), swap 9615988k(5885560k free)

vm_info: Java HotSpot(TM) 64-Bit Server VM (25.25-b02) for windows-amd64 JRE (1.8.0_25-b18), built on Oct  7 2014 14:25:37 by "java_re" with MS VC++ 10.0 (VS2010)

time: Mon Jan 26 17:15:12 2015
elapsed time: 6 seconds (0d 0h 0m 6s)

